Started by user mati

[Pipeline] Start of Pipeline
[Pipeline] node
Running on Jenkins
 in /var/jenkins_home/workspace/ubuntu_pull
[Pipeline] {
[Pipeline] isUnix
[Pipeline] withEnv
[Pipeline] {
[Pipeline] sh
+ docker inspect -f . docker:latest

Error: No such object: docker:latest
[Pipeline] isUnix
[Pipeline] withEnv
[Pipeline] {
[Pipeline] sh
+ docker pull docker:latest
latest: Pulling from library/docker
f18232174bc9: Already exists
3605c9c15273: Pulling fs layer
4f4fb700ef54: Pulling fs layer
273505aa4100: Pulling fs layer
55b46b1ed71b: Pulling fs layer
82bb91fe0259: Pulling fs layer
679a48d0b154: Pulling fs layer
d0ee91abb2a2: Pulling fs layer
1f9c99922d0a: Pulling fs layer
c9a626c18b89: Pulling fs layer
fa16af62e5e5: Pulling fs layer
ea6f0e23171d: Pulling fs layer
300457a3d2fd: Pulling fs layer
55b46b1ed71b: Waiting
82bb91fe0259: Waiting
679a48d0b154: Waiting
d0ee91abb2a2: Waiting
1f9c99922d0a: Waiting
c9a626c18b89: Waiting
fa16af62e5e5: Waiting
ea6f0e23171d: Waiting
5a70a01bd90e: Pulling fs layer
d52cf7dce5ba: Pulling fs layer
ac15b29bc3d1: Pulling fs layer
300457a3d2fd: Waiting
5a70a01bd90e: Waiting
d52cf7dce5ba: Waiting
ac15b29bc3d1: Waiting
273505aa4100: Verifying Checksum
273505aa4100: Download complete
4f4fb700ef54: Verifying Checksum
4f4fb700ef54: Download complete
3605c9c15273: Verifying Checksum
3605c9c15273: Download complete
55b46b1ed71b: Verifying Checksum
55b46b1ed71b: Download complete
82bb91fe0259: Verifying Checksum
82bb91fe0259: Download complete
d0ee91abb2a2: Verifying Checksum
d0ee91abb2a2: Download complete
1f9c99922d0a: Verifying Checksum
1f9c99922d0a: Download complete
c9a626c18b89: Verifying Checksum
c9a626c18b89: Download complete
ea6f0e23171d: Verifying Checksum
ea6f0e23171d: Download complete
679a48d0b154: Verifying Checksum
679a48d0b154: Download complete
fa16af62e5e5: Verifying Checksum
fa16af62e5e5: Download complete
300457a3d2fd: Verifying Checksum
300457a3d2fd: Download complete
d52cf7dce5ba: Verifying Checksum
d52cf7dce5ba: Download complete
ac15b29bc3d1: Verifying Checksum
ac15b29bc3d1: Download complete
3605c9c15273: Pull complete
4f4fb700ef54: Pull complete
273505aa4100: Pull complete
5a70a01bd90e: Verifying Checksum
5a70a01bd90e: Download complete
55b46b1ed71b: Pull complete
82bb91fe0259: Pull complete
679a48d0b154: Pull complete
d0ee91abb2a2: Pull complete
1f9c99922d0a: Pull complete
c9a626c18b89: Pull complete
fa16af62e5e5: Pull complete
ea6f0e23171d: Pull complete
300457a3d2fd: Pull complete
5a70a01bd90e: Pull complete
d52cf7dce5ba: Pull complete
ac15b29bc3d1: Pull complete
Digest: sha256:3a861ec98623bd6014610291123751dc19e0c6d474ac3b38767771791ac0eb5e
Status: Downloaded newer image for docker:latest
docker.io/library/docker:latest
[Pipeline] }
[Pipeline] // withEnv
[Pipeline] }
[Pipeline] // withEnv
[Pipeline] withDockerContainer
Jenkins seems to be running inside container 444fec4be30f9ab9b3e8948427200d4cc9ff20e38dd2ff37daff5916165e298a
$ docker run -t -d -u 0:0 -v /var/run/docker.sock:/var/run/docker.sock -w /var/jenkins_home/workspace/ubuntu_pull --volumes-from 444fec4be30f9ab9b3e8948427200d4cc9ff20e38dd2ff37daff5916165e298a -e ******** -e ******** -e ******** -e ******** -e ******** -e ******** -e ******** -e ******** -e ******** -e ******** -e ******** -e ******** -e ******** -e ******** -e ******** -e ******** -e ******** -e ******** -e ******** -e ******** -e ******** -e ******** -e ******** -e ******** -e ******** -e ******** docker:latest cat
$ docker top 6c581b606763b4b0c751555997f435b81934f9218b42db51fd125e88d6c7a5a5 -eo pid,comm

[Pipeline] {
[Pipeline] stage
[Pipeline] { (Pull Ubuntu)
[Pipeline] sh

+ docker pull ubuntu:latest

latest: Pulling from library/ubuntu

0622fac788ed: Pulling fs layer

0622fac788ed: Verifying Checksum
0622fac788ed: Download complete

0622fac788ed: Pull complete
Digest: sha256:6015f66923d7afbc53558d7ccffd325d43b4e249f41a6e93eef074c9505d2233
Status: Downloaded newer image for ubuntu:latest
docker.io/library/ubuntu:latest

[Pipeline] }
[Pipeline] // stage
[Pipeline] }
$ docker stop --time=1 6c581b606763b4b0c751555997f435b81934f9218b42db51fd125e88d6c7a5a5

$ docker rm -f --volumes 6c581b606763b4b0c751555997f435b81934f9218b42db51fd125e88d6c7a5a5
[Pipeline] // withDockerContainer

[Pipeline] }
[Pipeline] // node
[Pipeline] End of Pipeline
Finished: SUCCESS