2025-04-03 16:23:33 startup archives unpack
2025-04-03 16:23:33 upgrade libc6:amd64 2.36-9+deb12u9 2.36-9+deb12u10
2025-04-03 16:23:33 status triggers-pending libc-bin:amd64 2.36-9+deb12u9
2025-04-03 16:23:33 status half-configured libc6:amd64 2.36-9+deb12u9
2025-04-03 16:23:33 status unpacked libc6:amd64 2.36-9+deb12u9
2025-04-03 16:23:33 status half-installed libc6:amd64 2.36-9+deb12u9
2025-04-03 16:23:33 status unpacked libc6:amd64 2.36-9+deb12u10
2025-04-03 16:23:33 startup packages configure
2025-04-03 16:23:33 configure libc6:amd64 2.36-9+deb12u10 <none>
2025-04-03 16:23:33 status unpacked libc6:amd64 2.36-9+deb12u10
2025-04-03 16:23:33 status half-configured libc6:amd64 2.36-9+deb12u10
2025-04-03 16:23:34 status installed libc6:amd64 2.36-9+deb12u10
2025-04-03 16:23:34 startup archives unpack
2025-04-03 16:23:34 upgrade libc-bin:amd64 2.36-9+deb12u9 2.36-9+deb12u10
2025-04-03 16:23:34 status half-configured libc-bin:amd64 2.36-9+deb12u9
2025-04-03 16:23:34 status unpacked libc-bin:amd64 2.36-9+deb12u9
2025-04-03 16:23:34 status half-installed libc-bin:amd64 2.36-9+deb12u9
2025-04-03 16:23:34 status unpacked libc-bin:amd64 2.36-9+deb12u10
2025-04-03 16:23:34 startup packages configure
2025-04-03 16:23:34 configure libc-bin:amd64 2.36-9+deb12u10 <none>
2025-04-03 16:23:34 status unpacked libc-bin:amd64 2.36-9+deb12u10
2025-04-03 16:23:34 status half-configured libc-bin:amd64 2.36-9+deb12u10
2025-04-03 16:23:34 status installed libc-bin:amd64 2.36-9+deb12u10
2025-04-03 16:23:34 startup archives unpack
2025-04-03 16:23:35 install perl-modules-5.36:all <none> 5.36.0-7+deb12u1
2025-04-03 16:23:35 status half-installed perl-modules-5.36:all 5.36.0-7+deb12u1
2025-04-03 16:23:35 status unpacked perl-modules-5.36:all 5.36.0-7+deb12u1
2025-04-03 16:23:35 install libgdbm6:amd64 <none> 1.23-3
2025-04-03 16:23:35 status triggers-pending libc-bin:amd64 2.36-9+deb12u10
2025-04-03 16:23:35 status half-installed libgdbm6:amd64 1.23-3
2025-04-03 16:23:35 status unpacked libgdbm6:amd64 1.23-3
2025-04-03 16:23:35 install libgdbm-compat4:amd64 <none> 1.23-3
2025-04-03 16:23:35 status half-installed libgdbm-compat4:amd64 1.23-3
2025-04-03 16:23:35 status unpacked libgdbm-compat4:amd64 1.23-3
2025-04-03 16:23:35 install libperl5.36:amd64 <none> 5.36.0-7+deb12u1
2025-04-03 16:23:35 status half-installed libperl5.36:amd64 5.36.0-7+deb12u1
2025-04-03 16:23:35 status unpacked libperl5.36:amd64 5.36.0-7+deb12u1
2025-04-03 16:23:35 install perl:amd64 <none> 5.36.0-7+deb12u1
2025-04-03 16:23:35 status half-installed perl:amd64 5.36.0-7+deb12u1
2025-04-03 16:23:35 status unpacked perl:amd64 5.36.0-7+deb12u1
2025-04-03 16:23:35 install libmpfr6:amd64 <none> 4.2.0-1
2025-04-03 16:23:35 status half-installed libmpfr6:amd64 4.2.0-1
2025-04-03 16:23:35 status unpacked libmpfr6:amd64 4.2.0-1
2025-04-03 16:23:35 install readline-common:all <none> 8.2-1.3
2025-04-03 16:23:35 status half-installed readline-common:all 8.2-1.3
2025-04-03 16:23:35 status unpacked readline-common:all 8.2-1.3
2025-04-03 16:23:35 install libreadline8:amd64 <none> 8.2-1.3
2025-04-03 16:23:35 status half-installed libreadline8:amd64 8.2-1.3
2025-04-03 16:23:36 status unpacked libreadline8:amd64 8.2-1.3
2025-04-03 16:23:36 install libsigsegv2:amd64 <none> 2.14-1
2025-04-03 16:23:36 status half-installed libsigsegv2:amd64 2.14-1
2025-04-03 16:23:36 status unpacked libsigsegv2:amd64 2.14-1
2025-04-03 16:23:36 startup packages configure
2025-04-03 16:23:36 configure libmpfr6:amd64 4.2.0-1 <none>
2025-04-03 16:23:36 status unpacked libmpfr6:amd64 4.2.0-1
2025-04-03 16:23:36 status half-configured libmpfr6:amd64 4.2.0-1
2025-04-03 16:23:36 status installed libmpfr6:amd64 4.2.0-1
2025-04-03 16:23:36 configure readline-common:all 8.2-1.3 <none>
2025-04-03 16:23:36 status unpacked readline-common:all 8.2-1.3
2025-04-03 16:23:36 status half-configured readline-common:all 8.2-1.3
2025-04-03 16:23:36 status installed readline-common:all 8.2-1.3
2025-04-03 16:23:36 configure libreadline8:amd64 8.2-1.3 <none>
2025-04-03 16:23:36 status unpacked libreadline8:amd64 8.2-1.3
2025-04-03 16:23:36 status half-configured libreadline8:amd64 8.2-1.3
2025-04-03 16:23:36 status installed libreadline8:amd64 8.2-1.3
2025-04-03 16:23:36 configure libsigsegv2:amd64 2.14-1 <none>
2025-04-03 16:23:36 status unpacked libsigsegv2:amd64 2.14-1
2025-04-03 16:23:36 status half-configured libsigsegv2:amd64 2.14-1
2025-04-03 16:23:36 status installed libsigsegv2:amd64 2.14-1
2025-04-03 16:23:36 startup archives unpack
2025-04-03 16:23:36 install gawk:amd64 <none> 1:5.2.1-2
2025-04-03 16:23:36 status half-installed gawk:amd64 1:5.2.1-2
2025-04-03 16:23:36 status unpacked gawk:amd64 1:5.2.1-2
2025-04-03 16:23:36 install bzip2:amd64 <none> 1.0.8-5+b1
2025-04-03 16:23:36 status half-installed bzip2:amd64 1.0.8-5+b1
2025-04-03 16:23:36 status unpacked bzip2:amd64 1.0.8-5+b1
2025-04-03 16:23:36 install libmagic-mgc:amd64 <none> 1:5.44-3
2025-04-03 16:23:36 status half-installed libmagic-mgc:amd64 1:5.44-3
2025-04-03 16:23:36 status unpacked libmagic-mgc:amd64 1:5.44-3
2025-04-03 16:23:36 install libmagic1:amd64 <none> 1:5.44-3
2025-04-03 16:23:36 status half-installed libmagic1:amd64 1:5.44-3
2025-04-03 16:23:36 status unpacked libmagic1:amd64 1:5.44-3
2025-04-03 16:23:36 install file:amd64 <none> 1:5.44-3
2025-04-03 16:23:36 status half-installed file:amd64 1:5.44-3
2025-04-03 16:23:36 status unpacked file:amd64 1:5.44-3
2025-04-03 16:23:36 install xz-utils:amd64 <none> 5.4.1-0.2
2025-04-03 16:23:36 status half-installed xz-utils:amd64 5.4.1-0.2
2025-04-03 16:23:36 status unpacked xz-utils:amd64 5.4.1-0.2
2025-04-03 16:23:36 install m4:amd64 <none> 1.4.19-3
2025-04-03 16:23:36 status half-installed m4:amd64 1.4.19-3
2025-04-03 16:23:36 status unpacked m4:amd64 1.4.19-3
2025-04-03 16:23:36 install autoconf:all <none> 2.71-3
2025-04-03 16:23:36 status half-installed autoconf:all 2.71-3
2025-04-03 16:23:36 status unpacked autoconf:all 2.71-3
2025-04-03 16:23:36 install autotools-dev:all <none> 20220109.1
2025-04-03 16:23:36 status half-installed autotools-dev:all 20220109.1
2025-04-03 16:23:36 status unpacked autotools-dev:all 20220109.1
2025-04-03 16:23:36 install automake:all <none> 1:1.16.5-1.3
2025-04-03 16:23:36 status half-installed automake:all 1:1.16.5-1.3
2025-04-03 16:23:36 status unpacked automake:all 1:1.16.5-1.3
2025-04-03 16:23:36 install binutils-common:amd64 <none> 2.40-2
2025-04-03 16:23:36 status half-installed binutils-common:amd64 2.40-2
2025-04-03 16:23:36 status unpacked binutils-common:amd64 2.40-2
2025-04-03 16:23:36 install libbinutils:amd64 <none> 2.40-2
2025-04-03 16:23:36 status half-installed libbinutils:amd64 2.40-2
2025-04-03 16:23:37 status unpacked libbinutils:amd64 2.40-2
2025-04-03 16:23:37 install libctf-nobfd0:amd64 <none> 2.40-2
2025-04-03 16:23:37 status half-installed libctf-nobfd0:amd64 2.40-2
2025-04-03 16:23:37 status unpacked libctf-nobfd0:amd64 2.40-2
2025-04-03 16:23:37 install libctf0:amd64 <none> 2.40-2
2025-04-03 16:23:37 status half-installed libctf0:amd64 2.40-2
2025-04-03 16:23:37 status unpacked libctf0:amd64 2.40-2
2025-04-03 16:23:37 install libgprofng0:amd64 <none> 2.40-2
2025-04-03 16:23:37 status half-installed libgprofng0:amd64 2.40-2
2025-04-03 16:23:37 status unpacked libgprofng0:amd64 2.40-2
2025-04-03 16:23:37 install libjansson4:amd64 <none> 2.14-2
2025-04-03 16:23:37 status half-installed libjansson4:amd64 2.14-2
2025-04-03 16:23:37 status unpacked libjansson4:amd64 2.14-2
2025-04-03 16:23:37 install binutils-x86-64-linux-gnu:amd64 <none> 2.40-2
2025-04-03 16:23:37 status half-installed binutils-x86-64-linux-gnu:amd64 2.40-2
2025-04-03 16:23:37 status unpacked binutils-x86-64-linux-gnu:amd64 2.40-2
2025-04-03 16:23:37 install binutils:amd64 <none> 2.40-2
2025-04-03 16:23:37 status half-installed binutils:amd64 2.40-2
2025-04-03 16:23:37 status unpacked binutils:amd64 2.40-2
2025-04-03 16:23:37 install libc-dev-bin:amd64 <none> 2.36-9+deb12u10
2025-04-03 16:23:37 status half-installed libc-dev-bin:amd64 2.36-9+deb12u10
2025-04-03 16:23:37 status unpacked libc-dev-bin:amd64 2.36-9+deb12u10
2025-04-03 16:23:37 install linux-libc-dev:amd64 <none> 6.1.129-1
2025-04-03 16:23:37 status half-installed linux-libc-dev:amd64 6.1.129-1
2025-04-03 16:23:38 status unpacked linux-libc-dev:amd64 6.1.129-1
2025-04-03 16:23:38 install libcrypt-dev:amd64 <none> 1:4.4.33-2
2025-04-03 16:23:38 status half-installed libcrypt-dev:amd64 1:4.4.33-2
2025-04-03 16:23:38 status unpacked libcrypt-dev:amd64 1:4.4.33-2
2025-04-03 16:23:38 install libkrb5support0:amd64 <none> 1.20.1-2+deb12u2
2025-04-03 16:23:38 status half-installed libkrb5support0:amd64 1.20.1-2+deb12u2
2025-04-03 16:23:38 status unpacked libkrb5support0:amd64 1.20.1-2+deb12u2
2025-04-03 16:23:38 install libk5crypto3:amd64 <none> 1.20.1-2+deb12u2
2025-04-03 16:23:38 status half-installed libk5crypto3:amd64 1.20.1-2+deb12u2
2025-04-03 16:23:38 status unpacked libk5crypto3:amd64 1.20.1-2+deb12u2
2025-04-03 16:23:38 install libkeyutils1:amd64 <none> 1.6.3-2
2025-04-03 16:23:38 status half-installed libkeyutils1:amd64 1.6.3-2
2025-04-03 16:23:38 status unpacked libkeyutils1:amd64 1.6.3-2
2025-04-03 16:23:38 install libssl3:amd64 <none> 3.0.15-1~deb12u1
2025-04-03 16:23:38 status half-installed libssl3:amd64 3.0.15-1~deb12u1
2025-04-03 16:23:38 status unpacked libssl3:amd64 3.0.15-1~deb12u1
2025-04-03 16:23:38 install libkrb5-3:amd64 <none> 1.20.1-2+deb12u2
2025-04-03 16:23:38 status half-installed libkrb5-3:amd64 1.20.1-2+deb12u2
2025-04-03 16:23:38 status unpacked libkrb5-3:amd64 1.20.1-2+deb12u2
2025-04-03 16:23:38 install libgssapi-krb5-2:amd64 <none> 1.20.1-2+deb12u2
2025-04-03 16:23:38 status half-installed libgssapi-krb5-2:amd64 1.20.1-2+deb12u2
2025-04-03 16:23:38 status unpacked libgssapi-krb5-2:amd64 1.20.1-2+deb12u2
2025-04-03 16:23:38 install libtirpc-common:all <none> 1.3.3+ds-1
2025-04-03 16:23:38 status half-installed libtirpc-common:all 1.3.3+ds-1
2025-04-03 16:23:38 status unpacked libtirpc-common:all 1.3.3+ds-1
2025-04-03 16:23:38 install libtirpc3:amd64 <none> 1.3.3+ds-1
2025-04-03 16:23:38 status half-installed libtirpc3:amd64 1.3.3+ds-1
2025-04-03 16:23:38 status unpacked libtirpc3:amd64 1.3.3+ds-1
2025-04-03 16:23:38 install libnsl2:amd64 <none> 1.3.0-2
2025-04-03 16:23:38 status half-installed libnsl2:amd64 1.3.0-2
2025-04-03 16:23:38 status unpacked libnsl2:amd64 1.3.0-2
2025-04-03 16:23:38 install libtirpc-dev:amd64 <none> 1.3.3+ds-1
2025-04-03 16:23:38 status half-installed libtirpc-dev:amd64 1.3.3+ds-1
2025-04-03 16:23:38 status unpacked libtirpc-dev:amd64 1.3.3+ds-1
2025-04-03 16:23:38 install libnsl-dev:amd64 <none> 1.3.0-2
2025-04-03 16:23:38 status half-installed libnsl-dev:amd64 1.3.0-2
2025-04-03 16:23:38 status unpacked libnsl-dev:amd64 1.3.0-2
2025-04-03 16:23:38 install rpcsvc-proto:amd64 <none> 1.4.3-1
2025-04-03 16:23:38 status half-installed rpcsvc-proto:amd64 1.4.3-1
2025-04-03 16:23:38 status unpacked rpcsvc-proto:amd64 1.4.3-1
2025-04-03 16:23:38 install libc6-dev:amd64 <none> 2.36-9+deb12u10
2025-04-03 16:23:38 status half-installed libc6-dev:amd64 2.36-9+deb12u10
2025-04-03 16:23:39 status unpacked libc6-dev:amd64 2.36-9+deb12u10
2025-04-03 16:23:39 install libisl23:amd64 <none> 0.25-1.1
2025-04-03 16:23:39 status half-installed libisl23:amd64 0.25-1.1
2025-04-03 16:23:39 status unpacked libisl23:amd64 0.25-1.1
2025-04-03 16:23:39 install libmpc3:amd64 <none> 1.3.1-1
2025-04-03 16:23:39 status half-installed libmpc3:amd64 1.3.1-1
2025-04-03 16:23:39 status unpacked libmpc3:amd64 1.3.1-1
2025-04-03 16:23:39 install cpp-12:amd64 <none> 12.2.0-14
2025-04-03 16:23:39 status half-installed cpp-12:amd64 12.2.0-14
2025-04-03 16:23:40 status unpacked cpp-12:amd64 12.2.0-14
2025-04-03 16:23:40 install cpp:amd64 <none> 4:12.2.0-3
2025-04-03 16:23:40 status half-installed cpp:amd64 4:12.2.0-3
2025-04-03 16:23:40 status unpacked cpp:amd64 4:12.2.0-3
2025-04-03 16:23:40 install libcc1-0:amd64 <none> 12.2.0-14
2025-04-03 16:23:40 status half-installed libcc1-0:amd64 12.2.0-14
2025-04-03 16:23:40 status unpacked libcc1-0:amd64 12.2.0-14
2025-04-03 16:23:40 install libgomp1:amd64 <none> 12.2.0-14
2025-04-03 16:23:40 status half-installed libgomp1:amd64 12.2.0-14
2025-04-03 16:23:40 status unpacked libgomp1:amd64 12.2.0-14
2025-04-03 16:23:40 install libitm1:amd64 <none> 12.2.0-14
2025-04-03 16:23:40 status half-installed libitm1:amd64 12.2.0-14
2025-04-03 16:23:40 status unpacked libitm1:amd64 12.2.0-14
2025-04-03 16:23:40 install libatomic1:amd64 <none> 12.2.0-14
2025-04-03 16:23:40 status half-installed libatomic1:amd64 12.2.0-14
2025-04-03 16:23:40 status unpacked libatomic1:amd64 12.2.0-14
2025-04-03 16:23:40 install libasan8:amd64 <none> 12.2.0-14
2025-04-03 16:23:40 status half-installed libasan8:amd64 12.2.0-14
2025-04-03 16:23:41 status unpacked libasan8:amd64 12.2.0-14
2025-04-03 16:23:41 install liblsan0:amd64 <none> 12.2.0-14
2025-04-03 16:23:41 status half-installed liblsan0:amd64 12.2.0-14
2025-04-03 16:23:41 status unpacked liblsan0:amd64 12.2.0-14
2025-04-03 16:23:41 install libtsan2:amd64 <none> 12.2.0-14
2025-04-03 16:23:41 status half-installed libtsan2:amd64 12.2.0-14
2025-04-03 16:23:41 status unpacked libtsan2:amd64 12.2.0-14
2025-04-03 16:23:41 install libubsan1:amd64 <none> 12.2.0-14
2025-04-03 16:23:41 status half-installed libubsan1:amd64 12.2.0-14
2025-04-03 16:23:41 status unpacked libubsan1:amd64 12.2.0-14
2025-04-03 16:23:41 install libquadmath0:amd64 <none> 12.2.0-14
2025-04-03 16:23:41 status half-installed libquadmath0:amd64 12.2.0-14
2025-04-03 16:23:41 status unpacked libquadmath0:amd64 12.2.0-14
2025-04-03 16:23:41 install libgcc-12-dev:amd64 <none> 12.2.0-14
2025-04-03 16:23:41 status half-installed libgcc-12-dev:amd64 12.2.0-14
2025-04-03 16:23:41 status unpacked libgcc-12-dev:amd64 12.2.0-14
2025-04-03 16:23:41 install gcc-12:amd64 <none> 12.2.0-14
2025-04-03 16:23:41 status half-installed gcc-12:amd64 12.2.0-14
2025-04-03 16:23:42 status unpacked gcc-12:amd64 12.2.0-14
2025-04-03 16:23:42 install gcc:amd64 <none> 4:12.2.0-3
2025-04-03 16:23:42 status half-installed gcc:amd64 4:12.2.0-3
2025-04-03 16:23:42 status unpacked gcc:amd64 4:12.2.0-3
2025-04-03 16:23:42 install libstdc++-12-dev:amd64 <none> 12.2.0-14
2025-04-03 16:23:42 status half-installed libstdc++-12-dev:amd64 12.2.0-14
2025-04-03 16:23:42 status unpacked libstdc++-12-dev:amd64 12.2.0-14
2025-04-03 16:23:42 install g++-12:amd64 <none> 12.2.0-14
2025-04-03 16:23:42 status half-installed g++-12:amd64 12.2.0-14
2025-04-03 16:23:43 status unpacked g++-12:amd64 12.2.0-14
2025-04-03 16:23:43 install g++:amd64 <none> 4:12.2.0-3
2025-04-03 16:23:43 status half-installed g++:amd64 4:12.2.0-3
2025-04-03 16:23:43 status unpacked g++:amd64 4:12.2.0-3
2025-04-03 16:23:43 install make:amd64 <none> 4.3-4.1
2025-04-03 16:23:43 status half-installed make:amd64 4.3-4.1
2025-04-03 16:23:43 status unpacked make:amd64 4.3-4.1
2025-04-03 16:23:43 install libdpkg-perl:all <none> 1.21.22
2025-04-03 16:23:43 status half-installed libdpkg-perl:all 1.21.22
2025-04-03 16:23:43 status unpacked libdpkg-perl:all 1.21.22
2025-04-03 16:23:43 install patch:amd64 <none> 2.7.6-7
2025-04-03 16:23:43 status half-installed patch:amd64 2.7.6-7
2025-04-03 16:23:43 status unpacked patch:amd64 2.7.6-7
2025-04-03 16:23:43 install dpkg-dev:all <none> 1.21.22
2025-04-03 16:23:43 status half-installed dpkg-dev:all 1.21.22
2025-04-03 16:23:44 status unpacked dpkg-dev:all 1.21.22
2025-04-03 16:23:44 install build-essential:amd64 <none> 12.9
2025-04-03 16:23:44 status half-installed build-essential:amd64 12.9
2025-04-03 16:23:44 status unpacked build-essential:amd64 12.9
2025-04-03 16:23:44 install libbrotli1:amd64 <none> 1.0.9-2+b6
2025-04-03 16:23:44 status half-installed libbrotli1:amd64 1.0.9-2+b6
2025-04-03 16:23:44 status unpacked libbrotli1:amd64 1.0.9-2+b6
2025-04-03 16:23:44 install libsasl2-modules-db:amd64 <none> 2.1.28+dfsg-10
2025-04-03 16:23:44 status half-installed libsasl2-modules-db:amd64 2.1.28+dfsg-10
2025-04-03 16:23:44 status unpacked libsasl2-modules-db:amd64 2.1.28+dfsg-10
2025-04-03 16:23:44 install libsasl2-2:amd64 <none> 2.1.28+dfsg-10
2025-04-03 16:23:44 status half-installed libsasl2-2:amd64 2.1.28+dfsg-10
2025-04-03 16:23:44 status unpacked libsasl2-2:amd64 2.1.28+dfsg-10
2025-04-03 16:23:44 install libldap-2.5-0:amd64 <none> 2.5.13+dfsg-5
2025-04-03 16:23:44 status half-installed libldap-2.5-0:amd64 2.5.13+dfsg-5
2025-04-03 16:23:44 status unpacked libldap-2.5-0:amd64 2.5.13+dfsg-5
2025-04-03 16:23:44 install libnghttp2-14:amd64 <none> 1.52.0-1+deb12u2
2025-04-03 16:23:44 status half-installed libnghttp2-14:amd64 1.52.0-1+deb12u2
2025-04-03 16:23:44 status unpacked libnghttp2-14:amd64 1.52.0-1+deb12u2
2025-04-03 16:23:44 install libpsl5:amd64 <none> 0.21.2-1
2025-04-03 16:23:44 status half-installed libpsl5:amd64 0.21.2-1
2025-04-03 16:23:44 status unpacked libpsl5:amd64 0.21.2-1
2025-04-03 16:23:44 install librtmp1:amd64 <none> 2.4+20151223.gitfa8646d.1-2+b2
2025-04-03 16:23:44 status half-installed librtmp1:amd64 2.4+20151223.gitfa8646d.1-2+b2
2025-04-03 16:23:44 status unpacked librtmp1:amd64 2.4+20151223.gitfa8646d.1-2+b2
2025-04-03 16:23:44 install libssh2-1:amd64 <none> 1.10.0-3+b1
2025-04-03 16:23:44 status half-installed libssh2-1:amd64 1.10.0-3+b1
2025-04-03 16:23:44 status unpacked libssh2-1:amd64 1.10.0-3+b1
2025-04-03 16:23:44 install libcurl3-gnutls:amd64 <none> 7.88.1-10+deb12u12
2025-04-03 16:23:44 status half-installed libcurl3-gnutls:amd64 7.88.1-10+deb12u12
2025-04-03 16:23:44 status unpacked libcurl3-gnutls:amd64 7.88.1-10+deb12u12
2025-04-03 16:23:44 install libexpat1:amd64 <none> 2.5.0-1+deb12u1
2025-04-03 16:23:44 status half-installed libexpat1:amd64 2.5.0-1+deb12u1
2025-04-03 16:23:44 status unpacked libexpat1:amd64 2.5.0-1+deb12u1
2025-04-03 16:23:44 install liberror-perl:all <none> 0.17029-2
2025-04-03 16:23:44 status half-installed liberror-perl:all 0.17029-2
2025-04-03 16:23:44 status unpacked liberror-perl:all 0.17029-2
2025-04-03 16:23:44 install git-man:all <none> 1:2.39.5-0+deb12u2
2025-04-03 16:23:44 status half-installed git-man:all 1:2.39.5-0+deb12u2
2025-04-03 16:23:44 status unpacked git-man:all 1:2.39.5-0+deb12u2
2025-04-03 16:23:44 install git:amd64 <none> 1:2.39.5-0+deb12u2
2025-04-03 16:23:44 status half-installed git:amd64 1:2.39.5-0+deb12u2
2025-04-03 16:23:45 status unpacked git:amd64 1:2.39.5-0+deb12u2
2025-04-03 16:23:45 install libtool:all <none> 2.4.7-7~deb12u1
2025-04-03 16:23:45 status half-installed libtool:all 2.4.7-7~deb12u1
2025-04-03 16:23:45 status unpacked libtool:all 2.4.7-7~deb12u1
2025-04-03 16:23:45 install zip:amd64 <none> 3.0-13
2025-04-03 16:23:45 status half-installed zip:amd64 3.0-13
2025-04-03 16:23:45 status unpacked zip:amd64 3.0-13
2025-04-03 16:23:45 install zlib1g-dev:amd64 <none> 1:1.2.13.dfsg-1
2025-04-03 16:23:45 status half-installed zlib1g-dev:amd64 1:1.2.13.dfsg-1
2025-04-03 16:23:45 status unpacked zlib1g-dev:amd64 1:1.2.13.dfsg-1
2025-04-03 16:23:45 startup packages configure
2025-04-03 16:23:45 configure libexpat1:amd64 2.5.0-1+deb12u1 <none>
2025-04-03 16:23:45 status unpacked libexpat1:amd64 2.5.0-1+deb12u1
2025-04-03 16:23:45 status half-configured libexpat1:amd64 2.5.0-1+deb12u1
2025-04-03 16:23:45 status installed libexpat1:amd64 2.5.0-1+deb12u1
2025-04-03 16:23:45 configure libkeyutils1:amd64 1.6.3-2 <none>
2025-04-03 16:23:45 status unpacked libkeyutils1:amd64 1.6.3-2
2025-04-03 16:23:45 status half-configured libkeyutils1:amd64 1.6.3-2
2025-04-03 16:23:45 status installed libkeyutils1:amd64 1.6.3-2
2025-04-03 16:23:45 configure libpsl5:amd64 0.21.2-1 <none>
2025-04-03 16:23:45 status unpacked libpsl5:amd64 0.21.2-1
2025-04-03 16:23:45 status half-configured libpsl5:amd64 0.21.2-1
2025-04-03 16:23:45 status installed libpsl5:amd64 0.21.2-1
2025-04-03 16:23:45 configure libmagic-mgc:amd64 1:5.44-3 <none>
2025-04-03 16:23:45 status unpacked libmagic-mgc:amd64 1:5.44-3
2025-04-03 16:23:45 status half-configured libmagic-mgc:amd64 1:5.44-3
2025-04-03 16:23:45 status installed libmagic-mgc:amd64 1:5.44-3
2025-04-03 16:23:45 configure gawk:amd64 1:5.2.1-2 <none>
2025-04-03 16:23:45 status unpacked gawk:amd64 1:5.2.1-2
2025-04-03 16:23:45 status half-configured gawk:amd64 1:5.2.1-2
2025-04-03 16:23:45 status installed gawk:amd64 1:5.2.1-2
2025-04-03 16:23:45 configure libtirpc-common:all 1.3.3+ds-1 <none>
2025-04-03 16:23:45 status unpacked libtirpc-common:all 1.3.3+ds-1
2025-04-03 16:23:45 status half-configured libtirpc-common:all 1.3.3+ds-1
2025-04-03 16:23:45 status installed libtirpc-common:all 1.3.3+ds-1
2025-04-03 16:23:45 configure libbrotli1:amd64 1.0.9-2+b6 <none>
2025-04-03 16:23:45 status unpacked libbrotli1:amd64 1.0.9-2+b6
2025-04-03 16:23:45 status half-configured libbrotli1:amd64 1.0.9-2+b6
2025-04-03 16:23:45 status installed libbrotli1:amd64 1.0.9-2+b6
2025-04-03 16:23:45 configure binutils-common:amd64 2.40-2 <none>
2025-04-03 16:23:45 status unpacked binutils-common:amd64 2.40-2
2025-04-03 16:23:45 status half-configured binutils-common:amd64 2.40-2
2025-04-03 16:23:45 status installed binutils-common:amd64 2.40-2
2025-04-03 16:23:45 configure libssl3:amd64 3.0.15-1~deb12u1 <none>
2025-04-03 16:23:45 status unpacked libssl3:amd64 3.0.15-1~deb12u1
2025-04-03 16:23:45 status half-configured libssl3:amd64 3.0.15-1~deb12u1
2025-04-03 16:23:45 status installed libssl3:amd64 3.0.15-1~deb12u1
2025-04-03 16:23:45 configure libnghttp2-14:amd64 1.52.0-1+deb12u2 <none>
2025-04-03 16:23:45 status unpacked libnghttp2-14:amd64 1.52.0-1+deb12u2
2025-04-03 16:23:45 status half-configured libnghttp2-14:amd64 1.52.0-1+deb12u2
2025-04-03 16:23:45 status installed libnghttp2-14:amd64 1.52.0-1+deb12u2
2025-04-03 16:23:45 configure libmagic1:amd64 1:5.44-3 <none>
2025-04-03 16:23:45 status unpacked libmagic1:amd64 1:5.44-3
2025-04-03 16:23:45 status half-configured libmagic1:amd64 1:5.44-3
2025-04-03 16:23:45 status installed libmagic1:amd64 1:5.44-3
2025-04-03 16:23:45 configure linux-libc-dev:amd64 6.1.129-1 <none>
2025-04-03 16:23:45 status unpacked linux-libc-dev:amd64 6.1.129-1
2025-04-03 16:23:45 status half-configured linux-libc-dev:amd64 6.1.129-1
2025-04-03 16:23:45 status installed linux-libc-dev:amd64 6.1.129-1
2025-04-03 16:23:45 configure libctf-nobfd0:amd64 2.40-2 <none>
2025-04-03 16:23:45 status unpacked libctf-nobfd0:amd64 2.40-2
2025-04-03 16:23:45 status half-configured libctf-nobfd0:amd64 2.40-2
2025-04-03 16:23:45 status installed libctf-nobfd0:amd64 2.40-2
2025-04-03 16:23:45 configure m4:amd64 1.4.19-3 <none>
2025-04-03 16:23:45 status unpacked m4:amd64 1.4.19-3
2025-04-03 16:23:45 status half-configured m4:amd64 1.4.19-3
2025-04-03 16:23:45 status installed m4:amd64 1.4.19-3
2025-04-03 16:23:45 configure file:amd64 1:5.44-3 <none>
2025-04-03 16:23:45 status unpacked file:amd64 1:5.44-3
2025-04-03 16:23:45 status half-configured file:amd64 1:5.44-3
2025-04-03 16:23:45 status installed file:amd64 1:5.44-3
2025-04-03 16:23:45 configure libgomp1:amd64 12.2.0-14 <none>
2025-04-03 16:23:45 status unpacked libgomp1:amd64 12.2.0-14
2025-04-03 16:23:45 status half-configured libgomp1:amd64 12.2.0-14
2025-04-03 16:23:45 status installed libgomp1:amd64 12.2.0-14
2025-04-03 16:23:45 configure bzip2:amd64 1.0.8-5+b1 <none>
2025-04-03 16:23:45 status unpacked bzip2:amd64 1.0.8-5+b1
2025-04-03 16:23:45 status half-configured bzip2:amd64 1.0.8-5+b1
2025-04-03 16:23:45 status installed bzip2:amd64 1.0.8-5+b1
2025-04-03 16:23:45 configure libjansson4:amd64 2.14-2 <none>
2025-04-03 16:23:45 status unpacked libjansson4:amd64 2.14-2
2025-04-03 16:23:45 status half-configured libjansson4:amd64 2.14-2
2025-04-03 16:23:45 status installed libjansson4:amd64 2.14-2
2025-04-03 16:23:45 configure libkrb5support0:amd64 1.20.1-2+deb12u2 <none>
2025-04-03 16:23:45 status unpacked libkrb5support0:amd64 1.20.1-2+deb12u2
2025-04-03 16:23:45 status half-configured libkrb5support0:amd64 1.20.1-2+deb12u2
2025-04-03 16:23:45 status installed libkrb5support0:amd64 1.20.1-2+deb12u2
2025-04-03 16:23:45 configure libsasl2-modules-db:amd64 2.1.28+dfsg-10 <none>
2025-04-03 16:23:45 status unpacked libsasl2-modules-db:amd64 2.1.28+dfsg-10
2025-04-03 16:23:45 status half-configured libsasl2-modules-db:amd64 2.1.28+dfsg-10
2025-04-03 16:23:45 status installed libsasl2-modules-db:amd64 2.1.28+dfsg-10
2025-04-03 16:23:45 configure zip:amd64 3.0-13 <none>
2025-04-03 16:23:45 status unpacked zip:amd64 3.0-13
2025-04-03 16:23:45 status half-configured zip:amd64 3.0-13
2025-04-03 16:23:45 status installed zip:amd64 3.0-13
2025-04-03 16:23:45 configure perl-modules-5.36:all 5.36.0-7+deb12u1 <none>
2025-04-03 16:23:45 status unpacked perl-modules-5.36:all 5.36.0-7+deb12u1
2025-04-03 16:23:45 status half-configured perl-modules-5.36:all 5.36.0-7+deb12u1
2025-04-03 16:23:45 status installed perl-modules-5.36:all 5.36.0-7+deb12u1
2025-04-03 16:23:45 configure autotools-dev:all 20220109.1 <none>
2025-04-03 16:23:45 status unpacked autotools-dev:all 20220109.1
2025-04-03 16:23:45 status half-configured autotools-dev:all 20220109.1
2025-04-03 16:23:45 status installed autotools-dev:all 20220109.1
2025-04-03 16:23:45 configure rpcsvc-proto:amd64 1.4.3-1 <none>
2025-04-03 16:23:45 status unpacked rpcsvc-proto:amd64 1.4.3-1
2025-04-03 16:23:45 status half-configured rpcsvc-proto:amd64 1.4.3-1
2025-04-03 16:23:45 status installed rpcsvc-proto:amd64 1.4.3-1
2025-04-03 16:23:45 configure make:amd64 4.3-4.1 <none>
2025-04-03 16:23:45 status unpacked make:amd64 4.3-4.1
2025-04-03 16:23:45 status half-configured make:amd64 4.3-4.1
2025-04-03 16:23:45 status installed make:amd64 4.3-4.1
2025-04-03 16:23:45 configure librtmp1:amd64 2.4+20151223.gitfa8646d.1-2+b2 <none>
2025-04-03 16:23:45 status unpacked librtmp1:amd64 2.4+20151223.gitfa8646d.1-2+b2
2025-04-03 16:23:45 status half-configured librtmp1:amd64 2.4+20151223.gitfa8646d.1-2+b2
2025-04-03 16:23:45 status installed librtmp1:amd64 2.4+20151223.gitfa8646d.1-2+b2
2025-04-03 16:23:45 configure xz-utils:amd64 5.4.1-0.2 <none>
2025-04-03 16:23:45 status unpacked xz-utils:amd64 5.4.1-0.2
2025-04-03 16:23:45 status half-configured xz-utils:amd64 5.4.1-0.2
2025-04-03 16:23:45 status installed xz-utils:amd64 5.4.1-0.2
2025-04-03 16:23:45 configure libquadmath0:amd64 12.2.0-14 <none>
2025-04-03 16:23:45 status unpacked libquadmath0:amd64 12.2.0-14
2025-04-03 16:23:45 status half-configured libquadmath0:amd64 12.2.0-14
2025-04-03 16:23:45 status installed libquadmath0:amd64 12.2.0-14
2025-04-03 16:23:45 configure libmpc3:amd64 1.3.1-1 <none>
2025-04-03 16:23:45 status unpacked libmpc3:amd64 1.3.1-1
2025-04-03 16:23:45 status half-configured libmpc3:amd64 1.3.1-1
2025-04-03 16:23:45 status installed libmpc3:amd64 1.3.1-1
2025-04-03 16:23:45 configure libatomic1:amd64 12.2.0-14 <none>
2025-04-03 16:23:45 status unpacked libatomic1:amd64 12.2.0-14
2025-04-03 16:23:45 status half-configured libatomic1:amd64 12.2.0-14
2025-04-03 16:23:45 status installed libatomic1:amd64 12.2.0-14
2025-04-03 16:23:45 configure patch:amd64 2.7.6-7 <none>
2025-04-03 16:23:45 status unpacked patch:amd64 2.7.6-7
2025-04-03 16:23:45 status half-configured patch:amd64 2.7.6-7
2025-04-03 16:23:45 status installed patch:amd64 2.7.6-7
2025-04-03 16:23:45 configure libk5crypto3:amd64 1.20.1-2+deb12u2 <none>
2025-04-03 16:23:45 status unpacked libk5crypto3:amd64 1.20.1-2+deb12u2
2025-04-03 16:23:45 status half-configured libk5crypto3:amd64 1.20.1-2+deb12u2
2025-04-03 16:23:45 status installed libk5crypto3:amd64 1.20.1-2+deb12u2
2025-04-03 16:23:45 configure libsasl2-2:amd64 2.1.28+dfsg-10 <none>
2025-04-03 16:23:45 status unpacked libsasl2-2:amd64 2.1.28+dfsg-10
2025-04-03 16:23:45 status half-configured libsasl2-2:amd64 2.1.28+dfsg-10
2025-04-03 16:23:45 status installed libsasl2-2:amd64 2.1.28+dfsg-10
2025-04-03 16:23:45 configure libubsan1:amd64 12.2.0-14 <none>
2025-04-03 16:23:45 status unpacked libubsan1:amd64 12.2.0-14
2025-04-03 16:23:45 status half-configured libubsan1:amd64 12.2.0-14
2025-04-03 16:23:45 status installed libubsan1:amd64 12.2.0-14
2025-04-03 16:23:45 configure libcrypt-dev:amd64 1:4.4.33-2 <none>
2025-04-03 16:23:45 status unpacked libcrypt-dev:amd64 1:4.4.33-2
2025-04-03 16:23:46 status half-configured libcrypt-dev:amd64 1:4.4.33-2
2025-04-03 16:23:46 status installed libcrypt-dev:amd64 1:4.4.33-2
2025-04-03 16:23:46 configure libasan8:amd64 12.2.0-14 <none>
2025-04-03 16:23:46 status unpacked libasan8:amd64 12.2.0-14
2025-04-03 16:23:46 status half-configured libasan8:amd64 12.2.0-14
2025-04-03 16:23:46 status installed libasan8:amd64 12.2.0-14
2025-04-03 16:23:46 configure git-man:all 1:2.39.5-0+deb12u2 <none>
2025-04-03 16:23:46 status unpacked git-man:all 1:2.39.5-0+deb12u2
2025-04-03 16:23:46 status half-configured git-man:all 1:2.39.5-0+deb12u2
2025-04-03 16:23:46 status installed git-man:all 1:2.39.5-0+deb12u2
2025-04-03 16:23:46 configure libssh2-1:amd64 1.10.0-3+b1 <none>
2025-04-03 16:23:46 status unpacked libssh2-1:amd64 1.10.0-3+b1
2025-04-03 16:23:46 status half-configured libssh2-1:amd64 1.10.0-3+b1
2025-04-03 16:23:46 status installed libssh2-1:amd64 1.10.0-3+b1
2025-04-03 16:23:46 configure libkrb5-3:amd64 1.20.1-2+deb12u2 <none>
2025-04-03 16:23:46 status unpacked libkrb5-3:amd64 1.20.1-2+deb12u2
2025-04-03 16:23:46 status half-configured libkrb5-3:amd64 1.20.1-2+deb12u2
2025-04-03 16:23:46 status installed libkrb5-3:amd64 1.20.1-2+deb12u2
2025-04-03 16:23:46 configure libtsan2:amd64 12.2.0-14 <none>
2025-04-03 16:23:46 status unpacked libtsan2:amd64 12.2.0-14
2025-04-03 16:23:46 status half-configured libtsan2:amd64 12.2.0-14
2025-04-03 16:23:46 status installed libtsan2:amd64 12.2.0-14
2025-04-03 16:23:46 configure libbinutils:amd64 2.40-2 <none>
2025-04-03 16:23:46 status unpacked libbinutils:amd64 2.40-2
2025-04-03 16:23:46 status half-configured libbinutils:amd64 2.40-2
2025-04-03 16:23:46 status installed libbinutils:amd64 2.40-2
2025-04-03 16:23:46 configure libisl23:amd64 0.25-1.1 <none>
2025-04-03 16:23:46 status unpacked libisl23:amd64 0.25-1.1
2025-04-03 16:23:46 status half-configured libisl23:amd64 0.25-1.1
2025-04-03 16:23:46 status installed libisl23:amd64 0.25-1.1
2025-04-03 16:23:46 configure libc-dev-bin:amd64 2.36-9+deb12u10 <none>
2025-04-03 16:23:46 status unpacked libc-dev-bin:amd64 2.36-9+deb12u10
2025-04-03 16:23:46 status half-configured libc-dev-bin:amd64 2.36-9+deb12u10
2025-04-03 16:23:46 status installed libc-dev-bin:amd64 2.36-9+deb12u10
2025-04-03 16:23:46 configure libcc1-0:amd64 12.2.0-14 <none>
2025-04-03 16:23:46 status unpacked libcc1-0:amd64 12.2.0-14
2025-04-03 16:23:46 status half-configured libcc1-0:amd64 12.2.0-14
2025-04-03 16:23:46 status installed libcc1-0:amd64 12.2.0-14
2025-04-03 16:23:46 configure liblsan0:amd64 12.2.0-14 <none>
2025-04-03 16:23:46 status unpacked liblsan0:amd64 12.2.0-14
2025-04-03 16:23:46 status half-configured liblsan0:amd64 12.2.0-14
2025-04-03 16:23:46 status installed liblsan0:amd64 12.2.0-14
2025-04-03 16:23:46 configure libitm1:amd64 12.2.0-14 <none>
2025-04-03 16:23:46 status unpacked libitm1:amd64 12.2.0-14
2025-04-03 16:23:46 status half-configured libitm1:amd64 12.2.0-14
2025-04-03 16:23:46 status installed libitm1:amd64 12.2.0-14
2025-04-03 16:23:46 configure libgdbm6:amd64 1.23-3 <none>
2025-04-03 16:23:46 status unpacked libgdbm6:amd64 1.23-3
2025-04-03 16:23:46 status half-configured libgdbm6:amd64 1.23-3
2025-04-03 16:23:46 status installed libgdbm6:amd64 1.23-3
2025-04-03 16:23:46 configure libctf0:amd64 2.40-2 <none>
2025-04-03 16:23:46 status unpacked libctf0:amd64 2.40-2
2025-04-03 16:23:46 status half-configured libctf0:amd64 2.40-2
2025-04-03 16:23:46 status installed libctf0:amd64 2.40-2
2025-04-03 16:23:46 configure cpp-12:amd64 12.2.0-14 <none>
2025-04-03 16:23:46 status unpacked cpp-12:amd64 12.2.0-14
2025-04-03 16:23:46 status half-configured cpp-12:amd64 12.2.0-14
2025-04-03 16:23:46 status installed cpp-12:amd64 12.2.0-14
2025-04-03 16:23:46 configure libldap-2.5-0:amd64 2.5.13+dfsg-5 <none>
2025-04-03 16:23:46 status unpacked libldap-2.5-0:amd64 2.5.13+dfsg-5
2025-04-03 16:23:46 status half-configured libldap-2.5-0:amd64 2.5.13+dfsg-5
2025-04-03 16:23:46 status installed libldap-2.5-0:amd64 2.5.13+dfsg-5
2025-04-03 16:23:46 configure libgprofng0:amd64 2.40-2 <none>
2025-04-03 16:23:46 status unpacked libgprofng0:amd64 2.40-2
2025-04-03 16:23:46 status half-configured libgprofng0:amd64 2.40-2
2025-04-03 16:23:46 status installed libgprofng0:amd64 2.40-2
2025-04-03 16:23:46 configure libgcc-12-dev:amd64 12.2.0-14 <none>
2025-04-03 16:23:46 status unpacked libgcc-12-dev:amd64 12.2.0-14
2025-04-03 16:23:46 status half-configured libgcc-12-dev:amd64 12.2.0-14
2025-04-03 16:23:46 status installed libgcc-12-dev:amd64 12.2.0-14
2025-04-03 16:23:46 configure libgssapi-krb5-2:amd64 1.20.1-2+deb12u2 <none>
2025-04-03 16:23:46 status unpacked libgssapi-krb5-2:amd64 1.20.1-2+deb12u2
2025-04-03 16:23:46 status half-configured libgssapi-krb5-2:amd64 1.20.1-2+deb12u2
2025-04-03 16:23:46 status installed libgssapi-krb5-2:amd64 1.20.1-2+deb12u2
2025-04-03 16:23:46 configure libgdbm-compat4:amd64 1.23-3 <none>
2025-04-03 16:23:46 status unpacked libgdbm-compat4:amd64 1.23-3
2025-04-03 16:23:46 status half-configured libgdbm-compat4:amd64 1.23-3
2025-04-03 16:23:46 status installed libgdbm-compat4:amd64 1.23-3
2025-04-03 16:23:46 configure cpp:amd64 4:12.2.0-3 <none>
2025-04-03 16:23:46 status unpacked cpp:amd64 4:12.2.0-3
2025-04-03 16:23:46 status half-configured cpp:amd64 4:12.2.0-3
2025-04-03 16:23:46 status installed cpp:amd64 4:12.2.0-3
2025-04-03 16:23:46 configure libperl5.36:amd64 5.36.0-7+deb12u1 <none>
2025-04-03 16:23:46 status unpacked libperl5.36:amd64 5.36.0-7+deb12u1
2025-04-03 16:23:46 status half-configured libperl5.36:amd64 5.36.0-7+deb12u1
2025-04-03 16:23:46 status installed libperl5.36:amd64 5.36.0-7+deb12u1
2025-04-03 16:23:46 configure binutils-x86-64-linux-gnu:amd64 2.40-2 <none>
2025-04-03 16:23:46 status unpacked binutils-x86-64-linux-gnu:amd64 2.40-2
2025-04-03 16:23:46 status half-configured binutils-x86-64-linux-gnu:amd64 2.40-2
2025-04-03 16:23:46 status installed binutils-x86-64-linux-gnu:amd64 2.40-2
2025-04-03 16:23:46 configure libtirpc3:amd64 1.3.3+ds-1 <none>
2025-04-03 16:23:46 status unpacked libtirpc3:amd64 1.3.3+ds-1
2025-04-03 16:23:46 status half-configured libtirpc3:amd64 1.3.3+ds-1
2025-04-03 16:23:46 status installed libtirpc3:amd64 1.3.3+ds-1
2025-04-03 16:23:46 configure libcurl3-gnutls:amd64 7.88.1-10+deb12u12 <none>
2025-04-03 16:23:46 status unpacked libcurl3-gnutls:amd64 7.88.1-10+deb12u12
2025-04-03 16:23:46 status half-configured libcurl3-gnutls:amd64 7.88.1-10+deb12u12
2025-04-03 16:23:46 status installed libcurl3-gnutls:amd64 7.88.1-10+deb12u12
2025-04-03 16:23:46 configure binutils:amd64 2.40-2 <none>
2025-04-03 16:23:46 status unpacked binutils:amd64 2.40-2
2025-04-03 16:23:46 status half-configured binutils:amd64 2.40-2
2025-04-03 16:23:46 status installed binutils:amd64 2.40-2
2025-04-03 16:23:46 configure perl:amd64 5.36.0-7+deb12u1 <none>
2025-04-03 16:23:46 status unpacked perl:amd64 5.36.0-7+deb12u1
2025-04-03 16:23:46 status half-configured perl:amd64 5.36.0-7+deb12u1
2025-04-03 16:23:46 status installed perl:amd64 5.36.0-7+deb12u1
2025-04-03 16:23:46 configure libtirpc-dev:amd64 1.3.3+ds-1 <none>
2025-04-03 16:23:46 status unpacked libtirpc-dev:amd64 1.3.3+ds-1
2025-04-03 16:23:46 status half-configured libtirpc-dev:amd64 1.3.3+ds-1
2025-04-03 16:23:46 status installed libtirpc-dev:amd64 1.3.3+ds-1
2025-04-03 16:23:46 configure gcc-12:amd64 12.2.0-14 <none>
2025-04-03 16:23:46 status unpacked gcc-12:amd64 12.2.0-14
2025-04-03 16:23:46 status half-configured gcc-12:amd64 12.2.0-14
2025-04-03 16:23:46 status installed gcc-12:amd64 12.2.0-14
2025-04-03 16:23:46 configure libdpkg-perl:all 1.21.22 <none>
2025-04-03 16:23:46 status unpacked libdpkg-perl:all 1.21.22
2025-04-03 16:23:46 status half-configured libdpkg-perl:all 1.21.22
2025-04-03 16:23:46 status installed libdpkg-perl:all 1.21.22
2025-04-03 16:23:46 configure autoconf:all 2.71-3 <none>
2025-04-03 16:23:46 status unpacked autoconf:all 2.71-3
2025-04-03 16:23:46 status half-configured autoconf:all 2.71-3
2025-04-03 16:23:46 status installed autoconf:all 2.71-3
2025-04-03 16:23:46 configure libnsl2:amd64 1.3.0-2 <none>
2025-04-03 16:23:46 status unpacked libnsl2:amd64 1.3.0-2
2025-04-03 16:23:46 status half-configured libnsl2:amd64 1.3.0-2
2025-04-03 16:23:46 status installed libnsl2:amd64 1.3.0-2
2025-04-03 16:23:46 configure automake:all 1:1.16.5-1.3 <none>
2025-04-03 16:23:46 status unpacked automake:all 1:1.16.5-1.3
2025-04-03 16:23:46 status half-configured automake:all 1:1.16.5-1.3
2025-04-03 16:23:46 status installed automake:all 1:1.16.5-1.3
2025-04-03 16:23:46 configure gcc:amd64 4:12.2.0-3 <none>
2025-04-03 16:23:46 status unpacked gcc:amd64 4:12.2.0-3
2025-04-03 16:23:46 status half-configured gcc:amd64 4:12.2.0-3
2025-04-03 16:23:46 status installed gcc:amd64 4:12.2.0-3
2025-04-03 16:23:46 configure dpkg-dev:all 1.21.22 <none>
2025-04-03 16:23:46 status unpacked dpkg-dev:all 1.21.22
2025-04-03 16:23:46 status half-configured dpkg-dev:all 1.21.22
2025-04-03 16:23:46 status installed dpkg-dev:all 1.21.22
2025-04-03 16:23:46 configure liberror-perl:all 0.17029-2 <none>
2025-04-03 16:23:46 status unpacked liberror-perl:all 0.17029-2
2025-04-03 16:23:46 status half-configured liberror-perl:all 0.17029-2
2025-04-03 16:23:46 status installed liberror-perl:all 0.17029-2
2025-04-03 16:23:46 configure git:amd64 1:2.39.5-0+deb12u2 <none>
2025-04-03 16:23:46 status unpacked git:amd64 1:2.39.5-0+deb12u2
2025-04-03 16:23:46 status half-configured git:amd64 1:2.39.5-0+deb12u2
2025-04-03 16:23:46 status installed git:amd64 1:2.39.5-0+deb12u2
2025-04-03 16:23:46 configure libnsl-dev:amd64 1.3.0-2 <none>
2025-04-03 16:23:46 status unpacked libnsl-dev:amd64 1.3.0-2
2025-04-03 16:23:46 status half-configured libnsl-dev:amd64 1.3.0-2
2025-04-03 16:23:46 status installed libnsl-dev:amd64 1.3.0-2
2025-04-03 16:23:46 configure libc6-dev:amd64 2.36-9+deb12u10 <none>
2025-04-03 16:23:46 status unpacked libc6-dev:amd64 2.36-9+deb12u10
2025-04-03 16:23:46 status half-configured libc6-dev:amd64 2.36-9+deb12u10
2025-04-03 16:23:46 status installed libc6-dev:amd64 2.36-9+deb12u10
2025-04-03 16:23:46 configure libstdc++-12-dev:amd64 12.2.0-14 <none>
2025-04-03 16:23:46 status unpacked libstdc++-12-dev:amd64 12.2.0-14
2025-04-03 16:23:46 status half-configured libstdc++-12-dev:amd64 12.2.0-14
2025-04-03 16:23:46 status installed libstdc++-12-dev:amd64 12.2.0-14
2025-04-03 16:23:46 configure libtool:all 2.4.7-7~deb12u1 <none>
2025-04-03 16:23:46 status unpacked libtool:all 2.4.7-7~deb12u1
2025-04-03 16:23:46 status half-configured libtool:all 2.4.7-7~deb12u1
2025-04-03 16:23:46 status installed libtool:all 2.4.7-7~deb12u1
2025-04-03 16:23:46 configure zlib1g-dev:amd64 1:1.2.13.dfsg-1 <none>
2025-04-03 16:23:46 status unpacked zlib1g-dev:amd64 1:1.2.13.dfsg-1
2025-04-03 16:23:46 status half-configured zlib1g-dev:amd64 1:1.2.13.dfsg-1
2025-04-03 16:23:46 status installed zlib1g-dev:amd64 1:1.2.13.dfsg-1
2025-04-03 16:23:46 configure g++-12:amd64 12.2.0-14 <none>
2025-04-03 16:23:46 status unpacked g++-12:amd64 12.2.0-14
2025-04-03 16:23:46 status half-configured g++-12:amd64 12.2.0-14
2025-04-03 16:23:46 status installed g++-12:amd64 12.2.0-14
2025-04-03 16:23:46 configure g++:amd64 4:12.2.0-3 <none>
2025-04-03 16:23:46 status unpacked g++:amd64 4:12.2.0-3
2025-04-03 16:23:46 status half-configured g++:amd64 4:12.2.0-3
2025-04-03 16:23:46 status installed g++:amd64 4:12.2.0-3
2025-04-03 16:23:46 configure build-essential:amd64 12.9 <none>
2025-04-03 16:23:46 status unpacked build-essential:amd64 12.9
2025-04-03 16:23:46 status half-configured build-essential:amd64 12.9
2025-04-03 16:23:46 status installed build-essential:amd64 12.9
2025-04-03 16:23:46 trigproc libc-bin:amd64 2.36-9+deb12u10 <none>
2025-04-03 16:23:46 status half-configured libc-bin:amd64 2.36-9+deb12u10
2025-04-03 16:23:46 status installed libc-bin:amd64 2.36-9+deb12u10
