-----------------------------------------------------------
Server listening on 5201 (test #1)
-----------------------------------------------------------
Accepted connection from 172.19.0.3, port 54228
[  5] local 172.19.0.2 port 5201 connected to 172.19.0.3 port 54240
[ ID] Interval           Transfer     Bitrate
[  5]   0.00-1.00   sec   571 MBytes  4.79 Gbits/sec                  
[  5]   1.00-2.00   sec   545 MBytes  4.56 Gbits/sec                  
[  5]   2.00-3.00   sec   593 MBytes  4.99 Gbits/sec                  
[  5]   3.00-4.00   sec   534 MBytes  4.48 Gbits/sec                  
[  5]   4.00-5.00   sec   629 MBytes  5.28 Gbits/sec                  
[  5]   5.00-6.01   sec   563 MBytes  4.69 Gbits/sec                  
[  5]   6.01-7.00   sec   529 MBytes  4.46 Gbits/sec                  
[  5]   7.00-8.00   sec   781 MBytes  6.56 Gbits/sec                  
[  5]   8.00-9.00   sec  1.16 GBytes  9.94 Gbits/sec                  
[  5]   9.00-10.01  sec   942 MBytes  7.82 Gbits/sec                  
- - - - - - - - - - - - - - - - - - - - - - - - -
[ ID] Interval           Transfer     Bitrate
[  5]   0.00-10.01  sec  6.71 GBytes  5.76 Gbits/sec                  receiver
-----------------------------------------------------------
Server listening on 5201 (test #2)
-----------------------------------------------------------
Accepted connection from 172.19.0.1, port 34846
[  5] local 172.19.0.2 port 5201 connected to 172.19.0.1 port 34856
[ ID] Interval           Transfer     Bitrate
[  5]   0.00-1.00   sec   183 MBytes  1.53 Gbits/sec                  
[  5]   1.00-2.02   sec   213 MBytes  1.76 Gbits/sec                  
[  5]   2.02-3.00   sec   276 MBytes  2.36 Gbits/sec                  
[  5]   3.00-4.00   sec   232 MBytes  1.95 Gbits/sec                  
[  5]   4.00-5.00   sec   220 MBytes  1.84 Gbits/sec                  
[  5]   5.00-6.05   sec   165 MBytes  1.32 Gbits/sec                  
[  5]   6.05-7.01   sec   169 MBytes  1.49 Gbits/sec                  
[  5]   7.01-8.00   sec   224 MBytes  1.89 Gbits/sec                  
[  5]   8.00-9.04   sec   198 MBytes  1.60 Gbits/sec                  
[  5]   9.04-10.01  sec   247 MBytes  2.13 Gbits/sec                  
[  5]  10.01-10.03  sec   128 KBytes  44.5 Mbits/sec                  
- - - - - - - - - - - - - - - - - - - - - - - - -
[ ID] Interval           Transfer     Bitrate
[  5]   0.00-10.03  sec  2.08 GBytes  1.78 Gbits/sec                  receiver
-----------------------------------------------------------
Server listening on 5201 (test #3)
-----------------------------------------------------------
Accepted connection from 192.168.8.42, port 58989
[  5] local 172.19.0.2 port 5201 connected to 192.168.8.42 port 58990
[ ID] Interval           Transfer     Bitrate
[  5]   0.00-1.00   sec  27.4 MBytes   229 Mbits/sec                  
[  5]   1.00-2.00   sec  30.6 MBytes   257 Mbits/sec                  
[  5]   2.00-3.00   sec  45.8 MBytes   384 Mbits/sec                  
[  5]   3.00-4.00   sec  61.5 MBytes   516 Mbits/sec                  
[  5]   4.00-5.01   sec  42.9 MBytes   356 Mbits/sec                  
[  5]   5.01-6.00   sec  41.2 MBytes   350 Mbits/sec                  
[  5]   6.00-7.00   sec  38.2 MBytes   320 Mbits/sec                  
[  5]   7.00-8.00   sec  50.4 MBytes   421 Mbits/sec                  
[  5]   8.00-9.00   sec  28.4 MBytes   239 Mbits/sec                  
[  5]   9.00-10.01  sec  60.7 MBytes   507 Mbits/sec                  
- - - - - - - - - - - - - - - - - - - - - - - - -
[ ID] Interval           Transfer     Bitrate
[  5]   0.00-10.01  sec   427 MBytes   358 Mbits/sec                  receiver
