-----------------------------------------------------------
Server listening on 5201 (test #1)
-----------------------------------------------------------
Accepted connection from 172.18.0.1, port 55468
[  5] local 172.18.0.2 port 5201 connected to 172.18.0.1 port 55476
[ ID] Interval           Transfer     Bitrate
[  5]   0.00-1.00   sec  2.13 GBytes  18.3 Gbits/sec                  
[  5]   1.00-2.00   sec  2.15 GBytes  18.5 Gbits/sec                  
[  5]   2.00-3.00   sec  2.27 GBytes  19.5 Gbits/sec                  
[  5]   3.00-4.00   sec  2.21 GBytes  19.0 Gbits/sec                  
[  5]   4.00-5.00   sec  2.24 GBytes  19.3 Gbits/sec                  
[  5]   5.00-6.00   sec  2.25 GBytes  19.4 Gbits/sec                  
[  5]   6.00-7.00   sec  2.27 GBytes  19.5 Gbits/sec                  
[  5]   7.00-8.00   sec  2.12 GBytes  18.2 Gbits/sec                  
[  5]   8.00-9.00   sec  2.21 GBytes  19.0 Gbits/sec                  
[  5]   9.00-10.00  sec  2.22 GBytes  19.1 Gbits/sec                  
[  5]  10.00-10.00  sec  2.88 MBytes  15.1 Gbits/sec                  
- - - - - - - - - - - - - - - - - - - - - - - - -
[ ID] Interval           Transfer     Bitrate
[  5]   0.00-10.00  sec  22.1 GBytes  19.0 Gbits/sec                  receiver
