#0 building with "default" instance using docker driver

#1 [internal] load build definition from Dockerfile.nodebld
#1 transferring dockerfile: 259B done
#1 DONE 0.1s

#2 [internal] load metadata for docker.io/library/node:23-alpine
#2 DONE 1.8s

#3 [internal] load .dockerignore
#3 transferring context: 2B done
#3 DONE 0.0s

#4 [1/5] FROM docker.io/library/node:23-alpine@sha256:86703151a18fcd06258e013073508c4afea8e19cd7ed451554221dd00aea83fc
#4 resolve docker.io/library/node:23-alpine@sha256:86703151a18fcd06258e013073508c4afea8e19cd7ed451554221dd00aea83fc 0.0s done
#4 sha256:86703151a18fcd06258e013073508c4afea8e19cd7ed451554221dd00aea83fc 6.41kB / 6.41kB done
#4 sha256:0d468be7d2997dd2f6a3cda45e121a6b5140eb7ba3eba299a215030dbb0fb1ca 1.72kB / 1.72kB done
#4 sha256:2b99bc550caad6f10cf0fd4ad72f86a14cc9818a05a66cc72d1997a4e8ee5c77 6.18kB / 6.18kB done
#4 sha256:f18232174bc91741fdf3da96d85011092101a032a93a388b79e99e69c2d5c870 0B / 3.64MB 0.1s
#4 sha256:eff3549bb67a78cf95f3427c8a58e37085e210ac45ffd8f770cf633e4ebaa6b8 0B / 51.88MB 0.1s
#4 sha256:201f41eb6ef73d0252a7abc37656dd7925a50ee95d67dd27de9420bb23071788 0B / 1.26MB 0.1s
#4 sha256:f18232174bc91741fdf3da96d85011092101a032a93a388b79e99e69c2d5c870 1.05MB / 3.64MB 0.5s
#4 sha256:f18232174bc91741fdf3da96d85011092101a032a93a388b79e99e69c2d5c870 3.15MB / 3.64MB 0.7s
#4 sha256:f18232174bc91741fdf3da96d85011092101a032a93a388b79e99e69c2d5c870 3.64MB / 3.64MB 0.8s done
#4 extracting sha256:f18232174bc91741fdf3da96d85011092101a032a93a388b79e99e69c2d5c870 0.1s done
#4 sha256:2c5da61da4d728e06869108119c05ea4b36003c7ea33431f8cb74375bcc9c2bf 0B / 447B 1.0s
#4 sha256:eff3549bb67a78cf95f3427c8a58e37085e210ac45ffd8f770cf633e4ebaa6b8 3.15MB / 51.88MB 1.3s
#4 sha256:201f41eb6ef73d0252a7abc37656dd7925a50ee95d67dd27de9420bb23071788 1.26MB / 1.26MB 1.1s done
#4 sha256:2c5da61da4d728e06869108119c05ea4b36003c7ea33431f8cb74375bcc9c2bf 447B / 447B 1.0s done
#4 sha256:eff3549bb67a78cf95f3427c8a58e37085e210ac45ffd8f770cf633e4ebaa6b8 6.29MB / 51.88MB 1.8s
#4 sha256:eff3549bb67a78cf95f3427c8a58e37085e210ac45ffd8f770cf633e4ebaa6b8 10.49MB / 51.88MB 2.4s
#4 sha256:eff3549bb67a78cf95f3427c8a58e37085e210ac45ffd8f770cf633e4ebaa6b8 13.63MB / 51.88MB 2.9s
#4 sha256:eff3549bb67a78cf95f3427c8a58e37085e210ac45ffd8f770cf633e4ebaa6b8 16.78MB / 51.88MB 3.2s
#4 sha256:eff3549bb67a78cf95f3427c8a58e37085e210ac45ffd8f770cf633e4ebaa6b8 20.97MB / 51.88MB 3.7s
#4 sha256:eff3549bb67a78cf95f3427c8a58e37085e210ac45ffd8f770cf633e4ebaa6b8 24.12MB / 51.88MB 4.1s
#4 sha256:eff3549bb67a78cf95f3427c8a58e37085e210ac45ffd8f770cf633e4ebaa6b8 28.31MB / 51.88MB 4.6s
#4 sha256:eff3549bb67a78cf95f3427c8a58e37085e210ac45ffd8f770cf633e4ebaa6b8 32.51MB / 51.88MB 5.2s
#4 sha256:eff3549bb67a78cf95f3427c8a58e37085e210ac45ffd8f770cf633e4ebaa6b8 35.65MB / 51.88MB 5.5s
#4 sha256:eff3549bb67a78cf95f3427c8a58e37085e210ac45ffd8f770cf633e4ebaa6b8 40.89MB / 51.88MB 6.2s
#4 sha256:eff3549bb67a78cf95f3427c8a58e37085e210ac45ffd8f770cf633e4ebaa6b8 45.09MB / 51.88MB 6.7s
#4 sha256:eff3549bb67a78cf95f3427c8a58e37085e210ac45ffd8f770cf633e4ebaa6b8 48.23MB / 51.88MB 7.0s
#4 sha256:eff3549bb67a78cf95f3427c8a58e37085e210ac45ffd8f770cf633e4ebaa6b8 51.38MB / 51.88MB 7.4s
#4 sha256:eff3549bb67a78cf95f3427c8a58e37085e210ac45ffd8f770cf633e4ebaa6b8 51.88MB / 51.88MB 7.4s done
#4 extracting sha256:eff3549bb67a78cf95f3427c8a58e37085e210ac45ffd8f770cf633e4ebaa6b8 0.1s
#4 extracting sha256:eff3549bb67a78cf95f3427c8a58e37085e210ac45ffd8f770cf633e4ebaa6b8 1.4s done
#4 extracting sha256:201f41eb6ef73d0252a7abc37656dd7925a50ee95d67dd27de9420bb23071788
#4 extracting sha256:201f41eb6ef73d0252a7abc37656dd7925a50ee95d67dd27de9420bb23071788 0.0s done
#4 extracting sha256:2c5da61da4d728e06869108119c05ea4b36003c7ea33431f8cb74375bcc9c2bf done
#4 DONE 9.1s

#5 [2/5] RUN apk add --no-cache git
#5 0.090 fetch https://dl-cdn.alpinelinux.org/alpine/v3.21/main/x86_64/APKINDEX.tar.gz
#5 0.724 fetch https://dl-cdn.alpinelinux.org/alpine/v3.21/community/x86_64/APKINDEX.tar.gz
#5 1.759 (1/12) Installing brotli-libs (1.1.0-r2)
#5 1.930 (2/12) Installing c-ares (1.34.5-r0)
#5 2.019 (3/12) Installing libunistring (1.2-r0)
#5 2.256 (4/12) Installing libidn2 (2.3.7-r0)
#5 2.344 (5/12) Installing nghttp2-libs (1.64.0-r0)
#5 2.417 (6/12) Installing libpsl (0.21.5-r3)
#5 2.488 (7/12) Installing zstd-libs (1.5.6-r2)
#5 2.634 (8/12) Installing libcurl (8.12.1-r1)
#5 2.757 (9/12) Installing libexpat (2.7.0-r0)
#5 2.825 (10/12) Installing pcre2 (10.43-r0)
#5 2.936 (11/12) Installing git (2.47.2-r0)
#5 3.729 (12/12) Installing git-init-template (2.47.2-r0)
#5 3.788 Executing busybox-1.37.0-r12.trigger
#5 3.796 OK: 21 MiB in 29 packages
#5 DONE 3.9s

#6 [3/5] RUN git clone https://github.com/devenes/node-js-dummy-test
#6 0.115 Cloning into 'node-js-dummy-test'...
#6 DONE 1.4s

#7 [4/5] WORKDIR /node-js-dummy-test
#7 DONE 0.1s

#8 [5/5] RUN npm install
#8 4.782 
#8 4.782 added 354 packages, and audited 355 packages in 5s
#8 4.782 
#8 4.782 37 packages are looking for funding
#8 4.782   run `npm fund` for details
#8 4.791 
#8 4.791 17 vulnerabilities (3 low, 3 moderate, 9 high, 2 critical)
#8 4.791 
#8 4.791 To address issues that do not require attention, run:
#8 4.791   npm audit fix
#8 4.791 
#8 4.791 To address all issues (including breaking changes), run:
#8 4.791   npm audit fix --force
#8 4.791 
#8 4.791 Run `npm audit` for details.
#8 4.792 npm notice
#8 4.792 npm notice New major version of npm available! 10.9.2 -> 11.3.0
#8 4.792 npm notice Changelog: https://github.com/npm/cli/releases/tag/v11.3.0
#8 4.792 npm notice To update run: npm install -g npm@11.3.0
#8 4.792 npm notice
#8 DONE 4.9s

#9 exporting to image
#9 exporting layers
#9 exporting layers 0.5s done
#9 writing image sha256:98830df27d97d3dcaf6de71e05bfb9e4b8060d82799c92621c1cc78c39f45a26 done
#9 naming to docker.io/library/nodebld:23-alpine done
#9 DONE 0.5s
